\BOOKMARK [0][-]{chapter.1}{\376\377\000I\000n\000t\000r\000o\000d\000u\000c\000t\000i\000o\000n}{}% 1
\BOOKMARK [1][-]{section.1.1}{\376\377\000D\000e\000s\000c\000r\000i\000p\000t\000i\000o\000n}{chapter.1}% 2
\BOOKMARK [1][-]{section.1.2}{\376\377\000H\000o\000w\000\040\000t\000o\000\040\000i\000n\000s\000t\000a\000l\000l}{chapter.1}% 3
\BOOKMARK [1][-]{section.1.3}{\376\377\000D\000e\000p\000e\000n\000d\000e\000n\000c\000i\000e\000s}{chapter.1}% 4
\BOOKMARK [1][-]{section.1.4}{\376\377\000L\000i\000c\000e\000n\000s\000e}{chapter.1}% 5
\BOOKMARK [0][-]{chapter.2}{\376\377\000R\000e\000l\000e\000a\000s\000e\000\040\000N\000o\000t\000e\000s}{}% 6
\BOOKMARK [1][-]{section.2.1}{\376\377\000P\000y\000C\000o\000d\000a\000t\000a\000\040\0000\000.\0003\000.\0000\000\040\000R\000e\000l\000e\000a\000s\000e\000\040\000N\000o\000t\000e}{chapter.2}% 7
\BOOKMARK [2][-]{subsection.2.1.1}{\376\377\000C\000h\000a\000n\000g\000e\000s}{section.2.1}% 8
\BOOKMARK [2][-]{subsection.2.1.2}{\376\377\000D\000o\000w\000n\000l\000o\000a\000d}{section.2.1}% 9
\BOOKMARK [2][-]{subsection.2.1.3}{\376\377\000C\000o\000n\000t\000r\000i\000b\000u\000t\000o\000r\000s}{section.2.1}% 10
\BOOKMARK [2][-]{subsection.2.1.4}{\376\377\000C\000o\000m\000m\000i\000t\000s}{section.2.1}% 11
\BOOKMARK [1][-]{section.2.2}{\376\377\000P\000y\000C\000o\000d\000a\000t\000a\000\040\0000\000.\0002\000.\0006\000\040\000R\000e\000l\000e\000a\000s\000e\000\040\000N\000o\000t\000e}{chapter.2}% 12
\BOOKMARK [2][-]{subsection.2.2.1}{\376\377\000C\000h\000a\000n\000g\000e\000s}{section.2.2}% 13
\BOOKMARK [2][-]{subsection.2.2.2}{\376\377\000D\000o\000w\000n\000l\000o\000a\000d}{section.2.2}% 14
\BOOKMARK [2][-]{subsection.2.2.3}{\376\377\000C\000o\000n\000t\000r\000i\000b\000u\000t\000o\000r\000s}{section.2.2}% 15
\BOOKMARK [2][-]{subsection.2.2.4}{\376\377\000C\000o\000m\000m\000i\000t\000s}{section.2.2}% 16
\BOOKMARK [1][-]{section.2.3}{\376\377\000P\000y\000C\000o\000d\000a\000t\000a\000\040\0000\000.\0002\000.\0005\000\040\000R\000e\000l\000e\000a\000s\000e\000\040\000N\000o\000t\000e}{chapter.2}% 17
\BOOKMARK [2][-]{subsection.2.3.1}{\376\377\000C\000h\000a\000n\000g\000e\000s}{section.2.3}% 18
\BOOKMARK [2][-]{subsection.2.3.2}{\376\377\000D\000o\000w\000n\000l\000o\000a\000d}{section.2.3}% 19
\BOOKMARK [2][-]{subsection.2.3.3}{\376\377\000C\000o\000n\000t\000r\000i\000b\000u\000t\000o\000r\000s}{section.2.3}% 20
\BOOKMARK [2][-]{subsection.2.3.4}{\376\377\000C\000o\000m\000m\000i\000t\000s}{section.2.3}% 21
\BOOKMARK [1][-]{section.2.4}{\376\377\000P\000y\000C\000o\000d\000a\000t\000a\000\040\0000\000.\0002\000.\0004\000\040\000R\000e\000l\000e\000a\000s\000e\000\040\000N\000o\000t\000e}{chapter.2}% 22
\BOOKMARK [2][-]{subsection.2.4.1}{\376\377\000C\000h\000a\000n\000g\000e\000s}{section.2.4}% 23
\BOOKMARK [2][-]{subsection.2.4.2}{\376\377\000D\000o\000w\000n\000l\000o\000a\000d}{section.2.4}% 24
\BOOKMARK [2][-]{subsection.2.4.3}{\376\377\000C\000o\000n\000t\000r\000i\000b\000u\000t\000o\000r\000s}{section.2.4}% 25
\BOOKMARK [2][-]{subsection.2.4.4}{\376\377\000C\000o\000m\000m\000i\000t\000s}{section.2.4}% 26
\BOOKMARK [1][-]{section.2.5}{\376\377\000P\000y\000C\000o\000d\000a\000t\000a\000\040\0000\000.\0002\000.\0003\000\040\000R\000e\000l\000e\000a\000s\000e\000\040\000N\000o\000t\000e}{chapter.2}% 27
\BOOKMARK [2][-]{subsection.2.5.1}{\376\377\000C\000h\000a\000n\000g\000e\000s}{section.2.5}% 28
\BOOKMARK [2][-]{subsection.2.5.2}{\376\377\000D\000o\000w\000n\000l\000o\000a\000d}{section.2.5}% 29
\BOOKMARK [2][-]{subsection.2.5.3}{\376\377\000C\000o\000n\000t\000r\000i\000b\000u\000t\000o\000r\000s}{section.2.5}% 30
\BOOKMARK [2][-]{subsection.2.5.4}{\376\377\000C\000o\000m\000m\000i\000t\000s}{section.2.5}% 31
\BOOKMARK [1][-]{section.2.6}{\376\377\000P\000y\000C\000o\000d\000a\000t\000a\000\040\0000\000.\0002\000.\0002\000\040\000R\000e\000l\000e\000a\000s\000e\000\040\000N\000o\000t\000e}{chapter.2}% 32
\BOOKMARK [2][-]{subsection.2.6.1}{\376\377\000C\000h\000a\000n\000g\000e\000s}{section.2.6}% 33
\BOOKMARK [2][-]{subsection.2.6.2}{\376\377\000D\000o\000w\000n\000l\000o\000a\000d}{section.2.6}% 34
\BOOKMARK [2][-]{subsection.2.6.3}{\376\377\000C\000o\000n\000t\000r\000i\000b\000u\000t\000o\000r\000s}{section.2.6}% 35
\BOOKMARK [2][-]{subsection.2.6.4}{\376\377\000C\000o\000m\000m\000i\000t\000s}{section.2.6}% 36
\BOOKMARK [1][-]{section.2.7}{\376\377\000P\000y\000C\000o\000d\000a\000t\000a\000\040\0000\000.\0002\000.\0001\000\040\000R\000e\000l\000e\000a\000s\000e\000\040\000N\000o\000t\000e}{chapter.2}% 37
\BOOKMARK [2][-]{subsection.2.7.1}{\376\377\000C\000h\000a\000n\000g\000e\000s}{section.2.7}% 38
\BOOKMARK [2][-]{subsection.2.7.2}{\376\377\000D\000o\000w\000n\000l\000o\000a\000d}{section.2.7}% 39
\BOOKMARK [2][-]{subsection.2.7.3}{\376\377\000C\000o\000n\000t\000r\000i\000b\000u\000t\000o\000r\000s}{section.2.7}% 40
\BOOKMARK [2][-]{subsection.2.7.4}{\376\377\000C\000o\000m\000m\000i\000t\000s}{section.2.7}% 41
\BOOKMARK [1][-]{section.2.8}{\376\377\000P\000y\000C\000o\000d\000a\000t\000a\000\040\0000\000.\0002\000.\0000\000\040\000R\000e\000l\000e\000a\000s\000e\000\040\000N\000o\000t\000e}{chapter.2}% 42
\BOOKMARK [2][-]{subsection.2.8.1}{\376\377\000C\000h\000a\000n\000g\000e\000s}{section.2.8}% 43
\BOOKMARK [2][-]{subsection.2.8.2}{\376\377\000D\000o\000w\000n\000l\000o\000a\000d}{section.2.8}% 44
\BOOKMARK [2][-]{subsection.2.8.3}{\376\377\000C\000o\000n\000t\000r\000i\000b\000u\000t\000o\000r\000s}{section.2.8}% 45
\BOOKMARK [2][-]{subsection.2.8.4}{\376\377\000C\000o\000m\000m\000i\000t\000s}{section.2.8}% 46
\BOOKMARK [0][-]{chapter.3}{\376\377\000A\000u\000t\000o\000g\000e\000n\000e\000r\000a\000t\000e\000d\000\040\000D\000o\000c\000u\000m\000e\000n\000t\000a\000t\000i\000o\000n}{}% 47
\BOOKMARK [1][-]{section.3.1}{\376\377\000D\000o\000c\000u\000m\000e\000n\000t\000a\000t\000i\000o\000n}{chapter.3}% 48
\BOOKMARK [2][-]{subsection.3.1.1}{\376\377\000p\000y\000c\000o\000d\000a\000t\000a}{section.3.1}% 49
\BOOKMARK [2][-]{subsection.3.1.2}{\376\377\000\137\000c\000o\000d\000a\000t\000a}{section.3.1}% 50
\BOOKMARK [0][-]{chapter.4}{\376\377\000I\000n\000d\000i\000c\000e\000s\000\040\000a\000n\000d\000\040\000t\000a\000b\000l\000e\000s}{}% 51
\BOOKMARK [0][-]{section*.10}{\376\377\000P\000y\000t\000h\000o\000n\000\040\000M\000o\000d\000u\000l\000e\000\040\000I\000n\000d\000e\000x}{}% 52
\BOOKMARK [0][-]{section*.11}{\376\377\000I\000n\000d\000e\000x}{}% 53
